[     255ms] [LOG] [Fast Refresh] rebuilding @ http://localhost:3000/_next/static/chunks/0y61_next_dist_090581d._.js:1074
[     260ms] [LOG] [Fast Refresh] done in 109ms @ http://localhost:3000/_next/static/chunks/0y61_next_dist_090581d._.js:1074
[     375ms] [LOG] %c[Vercel Speed Insights]%c [vitals] color: rgb(120, 120, 120) color: inherit {speed: 4g, metrics: Array(3), scriptVersion: 0.1.3, sdkName: @vercel/speed-insights/next, sdkVersion: 2.0.0} /_vercel/speed-insights/vitals @ http://localhost:3000/_next/static/chunks/0y61_next_dist_090581d._.js:1074
[     377ms] [LOG] %c[Vercel Speed Insights]%c [vitals] color: rgb(120, 120, 120) color: inherit {speed: 4g, metrics: Array(1), scriptVersion: 0.1.3, sdkName: @vercel/speed-insights/next, sdkVersion: 2.0.0} /_vercel/speed-insights/vitals @ http://localhost:3000/_next/static/chunks/0y61_next_dist_090581d._.js:1074
[     489ms] [WARNING] [Sentry] The DSN provided in NEXT_PUBLIC_SENTRY_DSN does not look like a public client key. Do not expose secret auth tokens in the client bundle. Sentry client initialization skipped. @ http://localhost:3000/_next/static/chunks/instrumentation-client_ts_03sw2li._.js:39
[     493ms] [INFO] %cDownload the React DevTools for a better development experience: https://react.dev/link/react-devtools font-weight:bold @ http://localhost:3000/_next/static/chunks/0y61_next_dist_090581d._.js:1074
[     527ms] [LOG] [HMR] connected @ http://localhost:3000/_next/static/chunks/0y61_next_dist_090581d._.js:1074
[     655ms] [LOG] %c[Vercel Web Analytics]%c Debug mode is enabled by default in development. No requests will be sent to the server. color: rgb(120, 120, 120) color: inherit @ http://localhost:3000/_next/static/chunks/0y61_next_dist_090581d._.js:1074
[     656ms] [LOG] %c[Vercel Web Analytics]%c Running queued event color: rgb(120, 120, 120) color: inherit pageview {route: /[lang], path: /en} @ http://localhost:3000/_next/static/chunks/0y61_next_dist_090581d._.js:1074
[     656ms] [LOG] %c[Vercel Web Analytics]%c [view] http://localhost:3000/en color: rgb(120, 120, 120) color: inherit {o: http://localhost:3000/en, sv: 0.1.3, sdkn: @vercel/analytics/next, sdkv: 2.0.1, ts: 1777568328888} /_vercel/insights/view @ http://localhost:3000/_next/static/chunks/0y61_next_dist_090581d._.js:1074
[     656ms] [LOG] %c[Vercel Speed Insights]%c Debug mode is enabled by default in development. No requests will be sent to the server. color: rgb(120, 120, 120) color: inherit @ http://localhost:3000/_next/static/chunks/0y61_next_dist_090581d._.js:1074
[  148438ms] [LOG] [Fast Refresh] rebuilding @ http://localhost:3000/_next/static/chunks/0y61_next_dist_090581d._.js:1074
[  148449ms] [LOG] [Fast Refresh] done in 112ms @ http://localhost:3000/_next/static/chunks/0y61_next_dist_090581d._.js:1074
[  149376ms] [LOG] [Fast Refresh] rebuilding @ http://localhost:3000/_next/static/chunks/0y61_next_dist_090581d._.js:1074
[  149835ms] [LOG] [Fast Refresh] done in 561ms @ http://localhost:3000/_next/static/chunks/0y61_next_dist_090581d._.js:1074
[  176880ms] [LOG] %c[Vercel Speed Insights]%c [vitals] color: rgb(120, 120, 120) color: inherit {speed: 4g, metrics: Array(5), scriptVersion: 0.1.3, sdkName: @vercel/speed-insights/next, sdkVersion: 2.0.0} /_vercel/speed-insights/vitals @ http://localhost:3000/_next/static/chunks/0y61_next_dist_090581d._.js:1074
[  176882ms] [LOG] %c[Vercel Speed Insights]%c [vitals] color: rgb(120, 120, 120) color: inherit {speed: 4g, metrics: Array(1), scriptVersion: 0.1.3, sdkName: @vercel/speed-insights/next, sdkVersion: 2.0.0} /_vercel/speed-insights/vitals @ http://localhost:3000/_next/static/chunks/0y61_next_dist_090581d._.js:1074
[  177045ms] [WARNING] [Sentry] The DSN provided in NEXT_PUBLIC_SENTRY_DSN does not look like a public client key. Do not expose secret auth tokens in the client bundle. Sentry client initialization skipped. @ http://localhost:3000/_next/static/chunks/instrumentation-client_ts_03sw2li._.js:39
[  177049ms] [INFO] %cDownload the React DevTools for a better development experience: https://react.dev/link/react-devtools font-weight:bold @ http://localhost:3000/_next/static/chunks/0y61_next_dist_090581d._.js:1074
[  177073ms] [LOG] [HMR] connected @ http://localhost:3000/_next/static/chunks/0y61_next_dist_090581d._.js:1074
[  177160ms] [LOG] %c[Vercel Web Analytics]%c Debug mode is enabled by default in development. No requests will be sent to the server. color: rgb(120, 120, 120) color: inherit @ http://localhost:3000/_next/static/chunks/0y61_next_dist_090581d._.js:1074
[  177160ms] [LOG] %c[Vercel Web Analytics]%c Running queued event color: rgb(120, 120, 120) color: inherit pageview {route: /[lang], path: /en} @ http://localhost:3000/_next/static/chunks/0y61_next_dist_090581d._.js:1074
[  177161ms] [LOG] %c[Vercel Web Analytics]%c [view] http://localhost:3000/en color: rgb(120, 120, 120) color: inherit {o: http://localhost:3000/en, sv: 0.1.3, sdkn: @vercel/analytics/next, sdkv: 2.0.1, ts: 1777568505393} /_vercel/insights/view @ http://localhost:3000/_next/static/chunks/0y61_next_dist_090581d._.js:1074
[  177163ms] [LOG] %c[Vercel Speed Insights]%c Debug mode is enabled by default in development. No requests will be sent to the server. color: rgb(120, 120, 120) color: inherit @ http://localhost:3000/_next/static/chunks/0y61_next_dist_090581d._.js:1074
[  235708ms] [LOG] [HMR] connected @ http://localhost:3000/_next/static/chunks/0y61_next_dist_090581d._.js:1074
[ 4694136ms] [LOG] [Fast Refresh] rebuilding @ http://localhost:3000/_next/static/chunks/0y61_next_dist_090581d._.js:1074
[ 4694353ms] [LOG] [Fast Refresh] done in 321ms @ http://localhost:3000/_next/static/chunks/0y61_next_dist_090581d._.js:1074
[ 4695473ms] [LOG] [Fast Refresh] rebuilding @ http://localhost:3000/_next/static/chunks/0y61_next_dist_090581d._.js:1074
[ 4695476ms] [LOG] [Fast Refresh] done in 107ms @ http://localhost:3000/_next/static/chunks/0y61_next_dist_090581d._.js:1074
[ 5564399ms] [LOG] [HMR] connected @ http://localhost:3000/_next/static/chunks/0y61_next_dist_090581d._.js:1074
[56904829ms] [LOG] [HMR] connected @ http://localhost:3000/_next/static/chunks/0y61_next_dist_090581d._.js:1074
[56905059ms] [LOG] [Fast Refresh] rebuilding @ http://localhost:3000/_next/static/chunks/0y61_next_dist_090581d._.js:1074
[56905080ms] [LOG] [Fast Refresh] done in 124ms @ http://localhost:3000/_next/static/chunks/0y61_next_dist_090581d._.js:1074
[63545834ms] [LOG] [HMR] connected @ http://localhost:3000/_next/static/chunks/0y61_next_dist_090581d._.js:1074
[63546037ms] [LOG] [Fast Refresh] rebuilding @ http://localhost:3000/_next/static/chunks/0y61_next_dist_090581d._.js:1074
[63546442ms] [LOG] [Fast Refresh] done in 507ms @ http://localhost:3000/_next/static/chunks/0y61_next_dist_090581d._.js:1074
[63827507ms] [LOG] [Fast Refresh] rebuilding @ http://localhost:3000/_next/static/chunks/0y61_next_dist_090581d._.js:1074
[69246253ms] [ERROR] ./styles/globals.css
Error evaluating Node.js code
TypeError: pluginFactory is not a function
    [at <anonymous> (turbopack:///[turbopack-node]/transforms/postcss.ts:56:14)]
    [at <anonymous>]
    [at Module.init (turbopack:///[turbopack-node]/transforms/postcss.ts:43:33)]
    [at run (turbopack:///[turbopack-node]/child_process/evaluate.ts:74:20)]
    [at process.processTicksAndRejections (node:internal/process/task_queues:103:5)]

Import trace:
  Client Component Browser:
    ./styles/globals.css [Client Component Browser]
    ./app/layout.tsx [Server Component] @ http://localhost:3000/_next/static/chunks/0y61_next_dist_090581d._.js:1915
[69246460ms] [ERROR] ./styles/globals.css
Error evaluating Node.js code
TypeError: pluginFactory is not a function
    [at <anonymous> (turbopack:///[turbopack-node]/transforms/postcss.ts:56:14)]
    [at <anonymous>]
    [at Module.init (turbopack:///[turbopack-node]/transforms/postcss.ts:43:33)]
    [at run (turbopack:///[turbopack-node]/child_process/evaluate.ts:74:20)]
    [at process.processTicksAndRejections (node:internal/process/task_queues:103:5)]

Import trace:
  Client Component Browser:
    ./styles/globals.css [Client Component Browser]
    ./app/layout.tsx [Server Component] @ http://localhost:3000/_next/static/chunks/0y61_next_dist_090581d._.js:1915
[69246562ms] [LOG] [Fast Refresh] rebuilding @ http://localhost:3000/_next/static/chunks/0y61_next_dist_090581d._.js:1074
[69283424ms] [ERROR] ./styles/globals.css
Error evaluating Node.js code
TypeError: pluginFactory is not a function
    [at <anonymous> (turbopack:///[turbopack-node]/transforms/postcss.ts:56:14)]
    [at <anonymous>]
    [at Module.init (turbopack:///[turbopack-node]/transforms/postcss.ts:43:33)]
    [at run (turbopack:///[turbopack-node]/child_process/evaluate.ts:74:20)]
    [at process.processTicksAndRejections (node:internal/process/task_queues:103:5)]

Import trace:
  Client Component Browser:
    ./styles/globals.css [Client Component Browser]
    ./app/layout.tsx [Server Component] @ http://localhost:3000/_next/static/chunks/0y61_next_dist_090581d._.js:1915
[69283430ms] [ERROR] ./instrumentation-client.ts
Error evaluating Node.js code
Error: Failed to load external module next/dist/compiled/loader-runner: Error: Invalid package config /Users/vicenteopaso/Documents/Documents - Francisca’s MacBook Air/Repositories/vicenteopaso/vicenteopaso-vibecode/node_modules/next/dist/compiled/loader-runner/package.json.
    [at Context.externalRequire (turbopack:///[turbopack]/shared-node/base-externals-utils.ts:40:11)]
    [at Object.readEnvVars (turbopack:///[turbopack-node]/transforms/transforms.ts:85:1)]
    [at exec (turbopack:///[turbopack]/shared/runtime/hmr-runtime.ts:650:21)]
    [at runModuleExecutionHooksFn (turbopack:///[turbopack]/nodejs/runtime/dev-base.ts:69:5)]
    [at instantiateModuleShared (turbopack:///[turbopack]/shared/runtime/hmr-runtime.ts:648:5)]
    [at instantiateModule (turbopack:///[turbopack]/nodejs/runtime/dev-base.ts:73:21)]
    [at getOrInstantiateModuleFromParent (turbopack:///[turbopack]/nodejs/runtime/dev-base.ts:143:21)]
    [at Context.commonJsRequire (turbopack:///[turbopack]/shared/runtime/runtime-utils.ts:440:10)]
    [at Module.readEnvVars (turbopack:///[turbopack-node]/transforms/webpack-loaders.ts:60:2)]
    [at <anonymous> (turbopack:///[turbopack]/shared/runtime/hmr-runtime.ts:650:21)]

Import trace:
  Browser:
    ./instrumentation-client.ts
    ./node_modules/.pnpm/next@16.2.3_@babel+core@7.29.0_@opentelemetry+api@1.9.1_@playwright+test@1.59.1_react-d_a884884746c0bc02ce5780cf2c1c12c0/node_modules/next/dist/lib/require-instrumentation-client.js
    ./node_modules/.pnpm/next@16.2.3_@babel+core@7.29.0_@opentelemetry+api@1.9.1_@playwright+test@1.59.1_react-d_a884884746c0bc02ce5780cf2c1c12c0/node_modules/next/dist/client/page-bootstrap.js
    ./node_modules/.pnpm/next@16.2.3_@babel+core@7.29.0_@opentelemetry+api@1.9.1_@playwright+test@1.59.1_react-d_a884884746c0bc02ce5780cf2c1c12c0/node_modules/next/dist/client/next-dev-turbopack.js @ http://localhost:3000/_next/static/chunks/0y61_next_dist_090581d._.js:1915
[69283546ms] [LOG] [Fast Refresh] rebuilding @ http://localhost:3000/_next/static/chunks/0y61_next_dist_090581d._.js:1074
[69316191ms] [ERROR] ./styles/globals.css
Error evaluating Node.js code
TypeError: pluginFactory is not a function
    [at <anonymous> (turbopack:///[turbopack-node]/transforms/postcss.ts:56:14)]
    [at <anonymous>]
    [at Module.init (turbopack:///[turbopack-node]/transforms/postcss.ts:43:33)]
    [at run (turbopack:///[turbopack-node]/child_process/evaluate.ts:74:20)]
    [at process.processTicksAndRejections (node:internal/process/task_queues:103:5)]

Import trace:
  Client Component Browser:
    ./styles/globals.css [Client Component Browser]
    ./app/layout.tsx [Server Component] @ http://localhost:3000/_next/static/chunks/0y61_next_dist_090581d._.js:1915
[69316192ms] [ERROR] ./instrumentation-client.ts
Error evaluating Node.js code
Error: Failed to load external module next/dist/compiled/loader-runner: Error: Invalid package config /Users/vicenteopaso/Documents/Documents - Francisca’s MacBook Air/Repositories/vicenteopaso/vicenteopaso-vibecode/node_modules/next/dist/compiled/loader-runner/package.json.
    [at Context.externalRequire (turbopack:///[turbopack]/shared-node/base-externals-utils.ts:40:11)]
    [at Object.readEnvVars (turbopack:///[turbopack-node]/transforms/transforms.ts:85:1)]
    [at exec (turbopack:///[turbopack]/shared/runtime/hmr-runtime.ts:650:21)]
    [at runModuleExecutionHooksFn (turbopack:///[turbopack]/nodejs/runtime/dev-base.ts:69:5)]
    [at instantiateModuleShared (turbopack:///[turbopack]/shared/runtime/hmr-runtime.ts:648:5)]
    [at instantiateModule (turbopack:///[turbopack]/nodejs/runtime/dev-base.ts:73:21)]
    [at getOrInstantiateModuleFromParent (turbopack:///[turbopack]/nodejs/runtime/dev-base.ts:143:21)]
    [at Context.commonJsRequire (turbopack:///[turbopack]/shared/runtime/runtime-utils.ts:440:10)]
    [at Module.readEnvVars (turbopack:///[turbopack-node]/transforms/webpack-loaders.ts:60:2)]
    [at <anonymous> (turbopack:///[turbopack]/shared/runtime/hmr-runtime.ts:650:21)]

Import trace:
  Browser:
    ./instrumentation-client.ts
    ./node_modules/.pnpm/next@16.2.3_@babel+core@7.29.0_@opentelemetry+api@1.9.1_@playwright+test@1.59.1_react-d_a884884746c0bc02ce5780cf2c1c12c0/node_modules/next/dist/lib/require-instrumentation-client.js
    ./node_modules/.pnpm/next@16.2.3_@babel+core@7.29.0_@opentelemetry+api@1.9.1_@playwright+test@1.59.1_react-d_a884884746c0bc02ce5780cf2c1c12c0/node_modules/next/dist/client/page-bootstrap.js
    ./node_modules/.pnpm/next@16.2.3_@babel+core@7.29.0_@opentelemetry+api@1.9.1_@playwright+test@1.59.1_react-d_a884884746c0bc02ce5780cf2c1c12c0/node_modules/next/dist/client/next-dev-turbopack.js @ http://localhost:3000/_next/static/chunks/0y61_next_dist_090581d._.js:1915
[69316196ms] [ERROR] ./styles/globals.css
Error evaluating Node.js code
TypeError: pluginFactory is not a function
    [at <anonymous> (turbopack:///[turbopack-node]/transforms/postcss.ts:56:14)]
    [at <anonymous>]
    [at Module.init (turbopack:///[turbopack-node]/transforms/postcss.ts:43:33)]
    [at run (turbopack:///[turbopack-node]/child_process/evaluate.ts:74:20)]
    [at process.processTicksAndRejections (node:internal/process/task_queues:103:5)]

Import trace:
  Client Component Browser:
    ./styles/globals.css [Client Component Browser]
    ./app/layout.tsx [Server Component] @ http://localhost:3000/_next/static/chunks/0y61_next_dist_090581d._.js:1915
[69316196ms] [ERROR] ./instrumentation-client.ts
Error evaluating Node.js code
Error: Failed to load external module next/dist/compiled/loader-runner: Error: Invalid package config /Users/vicenteopaso/Documents/Documents - Francisca’s MacBook Air/Repositories/vicenteopaso/vicenteopaso-vibecode/node_modules/next/dist/compiled/loader-runner/package.json.
    [at Context.externalRequire (turbopack:///[turbopack]/shared-node/base-externals-utils.ts:40:11)]
    [at Object.readEnvVars (turbopack:///[turbopack-node]/transforms/transforms.ts:85:1)]
    [at exec (turbopack:///[turbopack]/shared/runtime/hmr-runtime.ts:650:21)]
    [at runModuleExecutionHooksFn (turbopack:///[turbopack]/nodejs/runtime/dev-base.ts:69:5)]
    [at instantiateModuleShared (turbopack:///[turbopack]/shared/runtime/hmr-runtime.ts:648:5)]
    [at instantiateModule (turbopack:///[turbopack]/nodejs/runtime/dev-base.ts:73:21)]
    [at getOrInstantiateModuleFromParent (turbopack:///[turbopack]/nodejs/runtime/dev-base.ts:143:21)]
    [at Context.commonJsRequire (turbopack:///[turbopack]/shared/runtime/runtime-utils.ts:440:10)]
    [at Module.readEnvVars (turbopack:///[turbopack-node]/transforms/webpack-loaders.ts:60:2)]
    [at <anonymous> (turbopack:///[turbopack]/shared/runtime/hmr-runtime.ts:650:21)]

Import trace:
  Browser:
    ./instrumentation-client.ts
    ./node_modules/.pnpm/next@16.2.3_@babel+core@7.29.0_@opentelemetry+api@1.9.1_@playwright+test@1.59.1_react-d_a884884746c0bc02ce5780cf2c1c12c0/node_modules/next/dist/lib/require-instrumentation-client.js
    ./node_modules/.pnpm/next@16.2.3_@babel+core@7.29.0_@opentelemetry+api@1.9.1_@playwright+test@1.59.1_react-d_a884884746c0bc02ce5780cf2c1c12c0/node_modules/next/dist/client/page-bootstrap.js
    ./node_modules/.pnpm/next@16.2.3_@babel+core@7.29.0_@opentelemetry+api@1.9.1_@playwright+test@1.59.1_react-d_a884884746c0bc02ce5780cf2c1c12c0/node_modules/next/dist/client/next-dev-turbopack.js @ http://localhost:3000/_next/static/chunks/0y61_next_dist_090581d._.js:1915
[69316197ms] [ERROR] ./styles/globals.css
Error evaluating Node.js code
TypeError: pluginFactory is not a function
    [at <anonymous> (turbopack:///[turbopack-node]/transforms/postcss.ts:56:14)]
    [at <anonymous>]
    [at Module.init (turbopack:///[turbopack-node]/transforms/postcss.ts:43:33)]
    [at run (turbopack:///[turbopack-node]/child_process/evaluate.ts:74:20)]
    [at process.processTicksAndRejections (node:internal/process/task_queues:103:5)]

Import trace:
  Client Component Browser:
    ./styles/globals.css [Client Component Browser]
    ./app/layout.tsx [Server Component] @ http://localhost:3000/_next/static/chunks/0y61_next_dist_090581d._.js:1915
[69316197ms] [ERROR] ./instrumentation-client.ts
Error evaluating Node.js code
Error: Failed to load external module next/dist/compiled/loader-runner: Error: Invalid package config /Users/vicenteopaso/Documents/Documents - Francisca’s MacBook Air/Repositories/vicenteopaso/vicenteopaso-vibecode/node_modules/next/dist/compiled/loader-runner/package.json.
    [at Context.externalRequire (turbopack:///[turbopack]/shared-node/base-externals-utils.ts:40:11)]
    [at Object.readEnvVars (turbopack:///[turbopack-node]/transforms/transforms.ts:85:1)]
    [at exec (turbopack:///[turbopack]/shared/runtime/hmr-runtime.ts:650:21)]
    [at runModuleExecutionHooksFn (turbopack:///[turbopack]/nodejs/runtime/dev-base.ts:69:5)]
    [at instantiateModuleShared (turbopack:///[turbopack]/shared/runtime/hmr-runtime.ts:648:5)]
    [at instantiateModule (turbopack:///[turbopack]/nodejs/runtime/dev-base.ts:73:21)]
    [at getOrInstantiateModuleFromParent (turbopack:///[turbopack]/nodejs/runtime/dev-base.ts:143:21)]
    [at Context.commonJsRequire (turbopack:///[turbopack]/shared/runtime/runtime-utils.ts:440:10)]
    [at Module.readEnvVars (turbopack:///[turbopack-node]/transforms/webpack-loaders.ts:60:2)]
    [at <anonymous> (turbopack:///[turbopack]/shared/runtime/hmr-runtime.ts:650:21)]

Import trace:
  Browser:
    ./instrumentation-client.ts
    ./node_modules/.pnpm/next@16.2.3_@babel+core@7.29.0_@opentelemetry+api@1.9.1_@playwright+test@1.59.1_react-d_a884884746c0bc02ce5780cf2c1c12c0/node_modules/next/dist/lib/require-instrumentation-client.js
    ./node_modules/.pnpm/next@16.2.3_@babel+core@7.29.0_@opentelemetry+api@1.9.1_@playwright+test@1.59.1_react-d_a884884746c0bc02ce5780cf2c1c12c0/node_modules/next/dist/client/page-bootstrap.js
    ./node_modules/.pnpm/next@16.2.3_@babel+core@7.29.0_@opentelemetry+api@1.9.1_@playwright+test@1.59.1_react-d_a884884746c0bc02ce5780cf2c1c12c0/node_modules/next/dist/client/next-dev-turbopack.js @ http://localhost:3000/_next/static/chunks/0y61_next_dist_090581d._.js:1915
[69316198ms] [ERROR] ./styles/globals.css
Error evaluating Node.js code
TypeError: pluginFactory is not a function
    [at <anonymous> (turbopack:///[turbopack-node]/transforms/postcss.ts:56:14)]
    [at <anonymous>]
    [at Module.init (turbopack:///[turbopack-node]/transforms/postcss.ts:43:33)]
    [at run (turbopack:///[turbopack-node]/child_process/evaluate.ts:74:20)]
    [at process.processTicksAndRejections (node:internal/process/task_queues:103:5)]

Import trace:
  Client Component Browser:
    ./styles/globals.css [Client Component Browser]
    ./app/layout.tsx [Server Component] @ http://localhost:3000/_next/static/chunks/0y61_next_dist_090581d._.js:1915
[69316198ms] [ERROR] ./instrumentation-client.ts
Error evaluating Node.js code
Error: Failed to load external module next/dist/compiled/loader-runner: Error: Invalid package config /Users/vicenteopaso/Documents/Documents - Francisca’s MacBook Air/Repositories/vicenteopaso/vicenteopaso-vibecode/node_modules/next/dist/compiled/loader-runner/package.json.
    [at Context.externalRequire (turbopack:///[turbopack]/shared-node/base-externals-utils.ts:40:11)]
    [at Object.readEnvVars (turbopack:///[turbopack-node]/transforms/transforms.ts:85:1)]
    [at exec (turbopack:///[turbopack]/shared/runtime/hmr-runtime.ts:650:21)]
    [at runModuleExecutionHooksFn (turbopack:///[turbopack]/nodejs/runtime/dev-base.ts:69:5)]
    [at instantiateModuleShared (turbopack:///[turbopack]/shared/runtime/hmr-runtime.ts:648:5)]
    [at instantiateModule (turbopack:///[turbopack]/nodejs/runtime/dev-base.ts:73:21)]
    [at getOrInstantiateModuleFromParent (turbopack:///[turbopack]/nodejs/runtime/dev-base.ts:143:21)]
    [at Context.commonJsRequire (turbopack:///[turbopack]/shared/runtime/runtime-utils.ts:440:10)]
    [at Module.readEnvVars (turbopack:///[turbopack-node]/transforms/webpack-loaders.ts:60:2)]
    [at <anonymous> (turbopack:///[turbopack]/shared/runtime/hmr-runtime.ts:650:21)]

Import trace:
  Browser:
    ./instrumentation-client.ts
    ./node_modules/.pnpm/next@16.2.3_@babel+core@7.29.0_@opentelemetry+api@1.9.1_@playwright+test@1.59.1_react-d_a884884746c0bc02ce5780cf2c1c12c0/node_modules/next/dist/lib/require-instrumentation-client.js
    ./node_modules/.pnpm/next@16.2.3_@babel+core@7.29.0_@opentelemetry+api@1.9.1_@playwright+test@1.59.1_react-d_a884884746c0bc02ce5780cf2c1c12c0/node_modules/next/dist/client/page-bootstrap.js
    ./node_modules/.pnpm/next@16.2.3_@babel+core@7.29.0_@opentelemetry+api@1.9.1_@playwright+test@1.59.1_react-d_a884884746c0bc02ce5780cf2c1c12c0/node_modules/next/dist/client/next-dev-turbopack.js @ http://localhost:3000/_next/static/chunks/0y61_next_dist_090581d._.js:1915
[69316220ms] [ERROR] ./styles/globals.css
Error evaluating Node.js code
TypeError: pluginFactory is not a function
    [at <anonymous> (turbopack:///[turbopack-node]/transforms/postcss.ts:56:14)]
    [at <anonymous>]
    [at Module.init (turbopack:///[turbopack-node]/transforms/postcss.ts:43:33)]
    [at run (turbopack:///[turbopack-node]/child_process/evaluate.ts:74:20)]
    [at process.processTicksAndRejections (node:internal/process/task_queues:103:5)]

Import trace:
  Client Component Browser:
    ./styles/globals.css [Client Component Browser]
    ./app/layout.tsx [Server Component] @ http://localhost:3000/_next/static/chunks/0y61_next_dist_090581d._.js:1915
[69316221ms] [ERROR] ./instrumentation-client.ts
Error evaluating Node.js code
Error: Failed to load external module next/dist/compiled/loader-runner: Error: Invalid package config /Users/vicenteopaso/Documents/Documents - Francisca’s MacBook Air/Repositories/vicenteopaso/vicenteopaso-vibecode/node_modules/next/dist/compiled/loader-runner/package.json.
    [at Context.externalRequire (turbopack:///[turbopack]/shared-node/base-externals-utils.ts:40:11)]
    [at Object.readEnvVars (turbopack:///[turbopack-node]/transforms/transforms.ts:85:1)]
    [at exec (turbopack:///[turbopack]/shared/runtime/hmr-runtime.ts:650:21)]
    [at runModuleExecutionHooksFn (turbopack:///[turbopack]/nodejs/runtime/dev-base.ts:69:5)]
    [at instantiateModuleShared (turbopack:///[turbopack]/shared/runtime/hmr-runtime.ts:648:5)]
    [at instantiateModule (turbopack:///[turbopack]/nodejs/runtime/dev-base.ts:73:21)]
    [at getOrInstantiateModuleFromParent (turbopack:///[turbopack]/nodejs/runtime/dev-base.ts:143:21)]
    [at Context.commonJsRequire (turbopack:///[turbopack]/shared/runtime/runtime-utils.ts:440:10)]
    [at Module.readEnvVars (turbopack:///[turbopack-node]/transforms/webpack-loaders.ts:60:2)]
    [at <anonymous> (turbopack:///[turbopack]/shared/runtime/hmr-runtime.ts:650:21)]

Import trace:
  Browser:
    ./instrumentation-client.ts
    ./node_modules/.pnpm/next@16.2.3_@babel+core@7.29.0_@opentelemetry+api@1.9.1_@playwright+test@1.59.1_react-d_a884884746c0bc02ce5780cf2c1c12c0/node_modules/next/dist/lib/require-instrumentation-client.js
    ./node_modules/.pnpm/next@16.2.3_@babel+core@7.29.0_@opentelemetry+api@1.9.1_@playwright+test@1.59.1_react-d_a884884746c0bc02ce5780cf2c1c12c0/node_modules/next/dist/client/page-bootstrap.js
    ./node_modules/.pnpm/next@16.2.3_@babel+core@7.29.0_@opentelemetry+api@1.9.1_@playwright+test@1.59.1_react-d_a884884746c0bc02ce5780cf2c1c12c0/node_modules/next/dist/client/next-dev-turbopack.js @ http://localhost:3000/_next/static/chunks/0y61_next_dist_090581d._.js:1915
[69316221ms] [ERROR] ./styles/globals.css
Error evaluating Node.js code
TypeError: pluginFactory is not a function
    [at <anonymous> (turbopack:///[turbopack-node]/transforms/postcss.ts:56:14)]
    [at <anonymous>]
    [at Module.init (turbopack:///[turbopack-node]/transforms/postcss.ts:43:33)]
    [at run (turbopack:///[turbopack-node]/child_process/evaluate.ts:74:20)]
    [at process.processTicksAndRejections (node:internal/process/task_queues:103:5)]

Import trace:
  Client Component Browser:
    ./styles/globals.css [Client Component Browser]
    ./app/layout.tsx [Server Component] @ http://localhost:3000/_next/static/chunks/0y61_next_dist_090581d._.js:1915
[69316221ms] [ERROR] ./instrumentation-client.ts
Error evaluating Node.js code
Error: Failed to load external module next/dist/compiled/loader-runner: Error: Invalid package config /Users/vicenteopaso/Documents/Documents - Francisca’s MacBook Air/Repositories/vicenteopaso/vicenteopaso-vibecode/node_modules/next/dist/compiled/loader-runner/package.json.
    [at Context.externalRequire (turbopack:///[turbopack]/shared-node/base-externals-utils.ts:40:11)]
    [at Object.readEnvVars (turbopack:///[turbopack-node]/transforms/transforms.ts:85:1)]
    [at exec (turbopack:///[turbopack]/shared/runtime/hmr-runtime.ts:650:21)]
    [at runModuleExecutionHooksFn (turbopack:///[turbopack]/nodejs/runtime/dev-base.ts:69:5)]
    [at instantiateModuleShared (turbopack:///[turbopack]/shared/runtime/hmr-runtime.ts:648:5)]
    [at instantiateModule (turbopack:///[turbopack]/nodejs/runtime/dev-base.ts:73:21)]
    [at getOrInstantiateModuleFromParent (turbopack:///[turbopack]/nodejs/runtime/dev-base.ts:143:21)]
    [at Context.commonJsRequire (turbopack:///[turbopack]/shared/runtime/runtime-utils.ts:440:10)]
    [at Module.readEnvVars (turbopack:///[turbopack-node]/transforms/webpack-loaders.ts:60:2)]
    [at <anonymous> (turbopack:///[turbopack]/shared/runtime/hmr-runtime.ts:650:21)]

Import trace:
  Browser:
    ./instrumentation-client.ts
    ./node_modules/.pnpm/next@16.2.3_@babel+core@7.29.0_@opentelemetry+api@1.9.1_@playwright+test@1.59.1_react-d_a884884746c0bc02ce5780cf2c1c12c0/node_modules/next/dist/lib/require-instrumentation-client.js
    ./node_modules/.pnpm/next@16.2.3_@babel+core@7.29.0_@opentelemetry+api@1.9.1_@playwright+test@1.59.1_react-d_a884884746c0bc02ce5780cf2c1c12c0/node_modules/next/dist/client/page-bootstrap.js
    ./node_modules/.pnpm/next@16.2.3_@babel+core@7.29.0_@opentelemetry+api@1.9.1_@playwright+test@1.59.1_react-d_a884884746c0bc02ce5780cf2c1c12c0/node_modules/next/dist/client/next-dev-turbopack.js @ http://localhost:3000/_next/static/chunks/0y61_next_dist_090581d._.js:1915
[69316221ms] [ERROR] ./styles/globals.css
Error evaluating Node.js code
TypeError: pluginFactory is not a function
    [at <anonymous> (turbopack:///[turbopack-node]/transforms/postcss.ts:56:14)]
    [at <anonymous>]
    [at Module.init (turbopack:///[turbopack-node]/transforms/postcss.ts:43:33)]
    [at run (turbopack:///[turbopack-node]/child_process/evaluate.ts:74:20)]
    [at process.processTicksAndRejections (node:internal/process/task_queues:103:5)]

Import trace:
  Client Component Browser:
    ./styles/globals.css [Client Component Browser]
    ./app/layout.tsx [Server Component] @ http://localhost:3000/_next/static/chunks/0y61_next_dist_090581d._.js:1915
[69316221ms] [ERROR] ./instrumentation-client.ts
Error evaluating Node.js code
Error: Failed to load external module next/dist/compiled/loader-runner: Error: Invalid package config /Users/vicenteopaso/Documents/Documents - Francisca’s MacBook Air/Repositories/vicenteopaso/vicenteopaso-vibecode/node_modules/next/dist/compiled/loader-runner/package.json.
    [at Context.externalRequire (turbopack:///[turbopack]/shared-node/base-externals-utils.ts:40:11)]
    [at Object.readEnvVars (turbopack:///[turbopack-node]/transforms/transforms.ts:85:1)]
    [at exec (turbopack:///[turbopack]/shared/runtime/hmr-runtime.ts:650:21)]
    [at runModuleExecutionHooksFn (turbopack:///[turbopack]/nodejs/runtime/dev-base.ts:69:5)]
    [at instantiateModuleShared (turbopack:///[turbopack]/shared/runtime/hmr-runtime.ts:648:5)]
    [at instantiateModule (turbopack:///[turbopack]/nodejs/runtime/dev-base.ts:73:21)]
    [at getOrInstantiateModuleFromParent (turbopack:///[turbopack]/nodejs/runtime/dev-base.ts:143:21)]
    [at Context.commonJsRequire (turbopack:///[turbopack]/shared/runtime/runtime-utils.ts:440:10)]
    [at Module.readEnvVars (turbopack:///[turbopack-node]/transforms/webpack-loaders.ts:60:2)]
    [at <anonymous> (turbopack:///[turbopack]/shared/runtime/hmr-runtime.ts:650:21)]

Import trace:
  Browser:
    ./instrumentation-client.ts
    ./node_modules/.pnpm/next@16.2.3_@babel+core@7.29.0_@opentelemetry+api@1.9.1_@playwright+test@1.59.1_react-d_a884884746c0bc02ce5780cf2c1c12c0/node_modules/next/dist/lib/require-instrumentation-client.js
    ./node_modules/.pnpm/next@16.2.3_@babel+core@7.29.0_@opentelemetry+api@1.9.1_@playwright+test@1.59.1_react-d_a884884746c0bc02ce5780cf2c1c12c0/node_modules/next/dist/client/page-bootstrap.js
    ./node_modules/.pnpm/next@16.2.3_@babel+core@7.29.0_@opentelemetry+api@1.9.1_@playwright+test@1.59.1_react-d_a884884746c0bc02ce5780cf2c1c12c0/node_modules/next/dist/client/next-dev-turbopack.js @ http://localhost:3000/_next/static/chunks/0y61_next_dist_090581d._.js:1915
[69316222ms] [ERROR] ./styles/globals.css
Error evaluating Node.js code
TypeError: pluginFactory is not a function
    [at <anonymous> (turbopack:///[turbopack-node]/transforms/postcss.ts:56:14)]
    [at <anonymous>]
    [at Module.init (turbopack:///[turbopack-node]/transforms/postcss.ts:43:33)]
    [at run (turbopack:///[turbopack-node]/child_process/evaluate.ts:74:20)]
    [at process.processTicksAndRejections (node:internal/process/task_queues:103:5)]

Import trace:
  Client Component Browser:
    ./styles/globals.css [Client Component Browser]
    ./app/layout.tsx [Server Component] @ http://localhost:3000/_next/static/chunks/0y61_next_dist_090581d._.js:1915
[69316222ms] [ERROR] ./instrumentation-client.ts
Error evaluating Node.js code
Error: Failed to load external module next/dist/compiled/loader-runner: Error: Invalid package config /Users/vicenteopaso/Documents/Documents - Francisca’s MacBook Air/Repositories/vicenteopaso/vicenteopaso-vibecode/node_modules/next/dist/compiled/loader-runner/package.json.
    [at Context.externalRequire (turbopack:///[turbopack]/shared-node/base-externals-utils.ts:40:11)]
    [at Object.readEnvVars (turbopack:///[turbopack-node]/transforms/transforms.ts:85:1)]
    [at exec (turbopack:///[turbopack]/shared/runtime/hmr-runtime.ts:650:21)]
    [at runModuleExecutionHooksFn (turbopack:///[turbopack]/nodejs/runtime/dev-base.ts:69:5)]
    [at instantiateModuleShared (turbopack:///[turbopack]/shared/runtime/hmr-runtime.ts:648:5)]
    [at instantiateModule (turbopack:///[turbopack]/nodejs/runtime/dev-base.ts:73:21)]
    [at getOrInstantiateModuleFromParent (turbopack:///[turbopack]/nodejs/runtime/dev-base.ts:143:21)]
    [at Context.commonJsRequire (turbopack:///[turbopack]/shared/runtime/runtime-utils.ts:440:10)]
    [at Module.readEnvVars (turbopack:///[turbopack-node]/transforms/webpack-loaders.ts:60:2)]
    [at <anonymous> (turbopack:///[turbopack]/shared/runtime/hmr-runtime.ts:650:21)]

Import trace:
  Browser:
    ./instrumentation-client.ts
    ./node_modules/.pnpm/next@16.2.3_@babel+core@7.29.0_@opentelemetry+api@1.9.1_@playwright+test@1.59.1_react-d_a884884746c0bc02ce5780cf2c1c12c0/node_modules/next/dist/lib/require-instrumentation-client.js
    ./node_modules/.pnpm/next@16.2.3_@babel+core@7.29.0_@opentelemetry+api@1.9.1_@playwright+test@1.59.1_react-d_a884884746c0bc02ce5780cf2c1c12c0/node_modules/next/dist/client/page-bootstrap.js
    ./node_modules/.pnpm/next@16.2.3_@babel+core@7.29.0_@opentelemetry+api@1.9.1_@playwright+test@1.59.1_react-d_a884884746c0bc02ce5780cf2c1c12c0/node_modules/next/dist/client/next-dev-turbopack.js @ http://localhost:3000/_next/static/chunks/0y61_next_dist_090581d._.js:1915
[69316233ms] [LOG] [Fast Refresh] rebuilding @ http://localhost:3000/_next/static/chunks/0y61_next_dist_090581d._.js:1074
[69316724ms] [ERROR] Failed to load resource: the server responded with a status of 500 (Internal Server Error) @ http://localhost:3000/en?_rsc=1qcto:0
[69316741ms] [ERROR] Failed to load resource: the server responded with a status of 500 (Internal Server Error) @ http://localhost:3000/en?_rsc=1qcto:0
[69316756ms] [ERROR] Failed to load resource: the server responded with a status of 500 (Internal Server Error) @ http://localhost:3000/en?_rsc=1qcto:0
[69316785ms] [ERROR] Failed to load resource: the server responded with a status of 500 (Internal Server Error) @ http://localhost:3000/en?_rsc=1qcto:0
[69316805ms] [ERROR] Failed to load resource: the server responded with a status of 500 (Internal Server Error) @ http://localhost:3000/en?_rsc=1qcto:0
[69316859ms] [LOG] %c[Vercel Speed Insights]%c [vitals] color: rgb(120, 120, 120) color: inherit {speed: 4g, metrics: Array(5), scriptVersion: 0.1.3, sdkName: @vercel/speed-insights/next, sdkVersion: 2.0.0} /_vercel/speed-insights/vitals @ http://localhost:3000/_next/static/chunks/0y61_next_dist_090581d._.js:1074
[69316861ms] [LOG] %c[Vercel Speed Insights]%c [vitals] color: rgb(120, 120, 120) color: inherit {speed: 4g, metrics: Array(1), scriptVersion: 0.1.3, sdkName: @vercel/speed-insights/next, sdkVersion: 2.0.0} /_vercel/speed-insights/vitals @ http://localhost:3000/_next/static/chunks/0y61_next_dist_090581d._.js:1074
[69316883ms] [ERROR] Failed to load resource: the server responded with a status of 500 (Internal Server Error) @ http://localhost:3000/en:0
[69317282ms] [ERROR] Failed to load resource: the server responded with a status of 500 (Internal Server Error) @ http://localhost:3000/favicon.ico:0
