[     349ms] [LOG] [Fast Refresh] rebuilding @ http://localhost:3000/_next/static/chunks/0y61_next_dist_090581d._.js:1074
[     429ms] [LOG] [Fast Refresh] done in 182ms @ http://localhost:3000/_next/static/chunks/0y61_next_dist_090581d._.js:1074
[     544ms] [LOG] %c[Vercel Speed Insights]%c [vitals] color: rgb(120, 120, 120) color: inherit {speed: 4g, metrics: Array(3), scriptVersion: 0.1.3, sdkName: @vercel/speed-insights/next, sdkVersion: 2.0.0} /_vercel/speed-insights/vitals @ http://localhost:3000/_next/static/chunks/0y61_next_dist_090581d._.js:1074
[     549ms] [LOG] %c[Vercel Speed Insights]%c [vitals] color: rgb(120, 120, 120) color: inherit {speed: 4g, metrics: Array(1), scriptVersion: 0.1.3, sdkName: @vercel/speed-insights/next, sdkVersion: 2.0.0} /_vercel/speed-insights/vitals @ http://localhost:3000/_next/static/chunks/0y61_next_dist_090581d._.js:1074
[     796ms] [WARNING] [Sentry] The DSN provided in NEXT_PUBLIC_SENTRY_DSN does not look like a public client key. Do not expose secret auth tokens in the client bundle. Sentry client initialization skipped. @ http://localhost:3000/_next/static/chunks/instrumentation-client_ts_03sw2li._.js:39
[     802ms] [INFO] %cDownload the React DevTools for a better development experience: https://react.dev/link/react-devtools font-weight:bold @ http://localhost:3000/_next/static/chunks/0y61_next_dist_090581d._.js:1074
[     864ms] [LOG] [HMR] connected @ http://localhost:3000/_next/static/chunks/0y61_next_dist_090581d._.js:1074
[    1051ms] [LOG] %c[Vercel Web Analytics]%c Debug mode is enabled by default in development. No requests will be sent to the server. color: rgb(120, 120, 120) color: inherit @ http://localhost:3000/_next/static/chunks/0y61_next_dist_090581d._.js:1074
[    1052ms] [LOG] %c[Vercel Web Analytics]%c Running queued event color: rgb(120, 120, 120) color: inherit pageview {route: /[lang]/cv, path: /en/cv} @ http://localhost:3000/_next/static/chunks/0y61_next_dist_090581d._.js:1074
[    1052ms] [LOG] %c[Vercel Web Analytics]%c [view] http://localhost:3000/en/cv color: rgb(120, 120, 120) color: inherit {o: http://localhost:3000/en/cv, sv: 0.1.3, sdkn: @vercel/analytics/next, sdkv: 2.0.1, ts: 1777568054600} /_vercel/insights/view @ http://localhost:3000/_next/static/chunks/0y61_next_dist_090581d._.js:1074
[    1052ms] [LOG] %c[Vercel Speed Insights]%c Debug mode is enabled by default in development. No requests will be sent to the server. color: rgb(120, 120, 120) color: inherit @ http://localhost:3000/_next/static/chunks/0y61_next_dist_090581d._.js:1074
[   50986ms] [LOG] [Fast Refresh] rebuilding @ http://localhost:3000/_next/static/chunks/0y61_next_dist_090581d._.js:1074
[   51049ms] [LOG] [Fast Refresh] done in 167ms @ http://localhost:3000/_next/static/chunks/0y61_next_dist_090581d._.js:1074
[   51134ms] [LOG] %c[Vercel Speed Insights]%c [vitals] color: rgb(120, 120, 120) color: inherit {speed: 4g, metrics: Array(5), scriptVersion: 0.1.3, sdkName: @vercel/speed-insights/next, sdkVersion: 2.0.0} /_vercel/speed-insights/vitals @ http://localhost:3000/_next/static/chunks/0y61_next_dist_090581d._.js:1074
[   51142ms] [LOG] %c[Vercel Speed Insights]%c [vitals] color: rgb(120, 120, 120) color: inherit {speed: 4g, metrics: Array(1), scriptVersion: 0.1.3, sdkName: @vercel/speed-insights/next, sdkVersion: 2.0.0} /_vercel/speed-insights/vitals @ http://localhost:3000/_next/static/chunks/0y61_next_dist_090581d._.js:1074
[   51373ms] [WARNING] [Sentry] The DSN provided in NEXT_PUBLIC_SENTRY_DSN does not look like a public client key. Do not expose secret auth tokens in the client bundle. Sentry client initialization skipped. @ http://localhost:3000/_next/static/chunks/instrumentation-client_ts_03sw2li._.js:39
[   51380ms] [INFO] %cDownload the React DevTools for a better development experience: https://react.dev/link/react-devtools font-weight:bold @ http://localhost:3000/_next/static/chunks/0y61_next_dist_090581d._.js:1074
[   51423ms] [LOG] [HMR] connected @ http://localhost:3000/_next/static/chunks/0y61_next_dist_090581d._.js:1074
[   51537ms] [LOG] %c[Vercel Web Analytics]%c Debug mode is enabled by default in development. No requests will be sent to the server. color: rgb(120, 120, 120) color: inherit @ http://localhost:3000/_next/static/chunks/0y61_next_dist_090581d._.js:1074
[   51537ms] [LOG] %c[Vercel Web Analytics]%c Running queued event color: rgb(120, 120, 120) color: inherit pageview {route: /[lang], path: /en} @ http://localhost:3000/_next/static/chunks/0y61_next_dist_090581d._.js:1074
[   51537ms] [LOG] %c[Vercel Web Analytics]%c [view] http://localhost:3000/en color: rgb(120, 120, 120) color: inherit {o: http://localhost:3000/en, sv: 0.1.3, sdkn: @vercel/analytics/next, sdkv: 2.0.1, ts: 1777568105086} /_vercel/insights/view @ http://localhost:3000/_next/static/chunks/0y61_next_dist_090581d._.js:1074
[   51537ms] [LOG] %c[Vercel Speed Insights]%c Debug mode is enabled by default in development. No requests will be sent to the server. color: rgb(120, 120, 120) color: inherit @ http://localhost:3000/_next/static/chunks/0y61_next_dist_090581d._.js:1074
[  176306ms] [LOG] [Fast Refresh] rebuilding @ http://localhost:3000/_next/static/chunks/0y61_next_dist_090581d._.js:1074
[  176604ms] [LOG] [Fast Refresh] done in 330ms @ http://localhost:3000/_next/static/chunks/0y61_next_dist_090581d._.js:1074
[  220731ms] [LOG] [Fast Refresh] rebuilding @ http://localhost:3000/_next/static/chunks/0y61_next_dist_090581d._.js:1074
[  221227ms] [LOG] [Fast Refresh] done in 522ms @ http://localhost:3000/_next/static/chunks/0y61_next_dist_090581d._.js:1074
[  221360ms] [LOG] [Fast Refresh] rebuilding @ http://localhost:3000/_next/static/chunks/0y61_next_dist_090581d._.js:1074
[  221407ms] [LOG] [Fast Refresh] done in 148ms @ http://localhost:3000/_next/static/chunks/0y61_next_dist_090581d._.js:1074
[  245508ms] [LOG] [Fast Refresh] rebuilding @ http://localhost:3000/_next/static/chunks/0y61_next_dist_090581d._.js:1074
[  245669ms] [LOG] [Fast Refresh] done in 213ms @ http://localhost:3000/_next/static/chunks/0y61_next_dist_090581d._.js:1074
[  245796ms] [LOG] [Fast Refresh] rebuilding @ http://localhost:3000/_next/static/chunks/0y61_next_dist_090581d._.js:1074
[  245870ms] [LOG] [Fast Refresh] done in 176ms @ http://localhost:3000/_next/static/chunks/0y61_next_dist_090581d._.js:1074
[  263513ms] [LOG] [Fast Refresh] rebuilding @ http://localhost:3000/_next/static/chunks/0y61_next_dist_090581d._.js:1074
[  263770ms] [LOG] [Fast Refresh] done in 360ms @ http://localhost:3000/_next/static/chunks/0y61_next_dist_090581d._.js:1074
