[    1163ms] [LOG] %c[Vercel Speed Insights]%c [vitals] color: rgb(120, 120, 120) color: inherit {speed: 4g, metrics: Array(3), scriptVersion: 0.1.3, sdkName: @vercel/speed-insights/next, sdkVersion: 2.0.0} /_vercel/speed-insights/vitals @ http://localhost:3000/_next/static/chunks/0uw__next_dist_0h_34vy._.js:1074
[    1165ms] [LOG] %c[Vercel Speed Insights]%c [vitals] color: rgb(120, 120, 120) color: inherit {speed: 4g, metrics: Array(1), scriptVersion: 0.1.3, sdkName: @vercel/speed-insights/next, sdkVersion: 2.0.0} /_vercel/speed-insights/vitals @ http://localhost:3000/_next/static/chunks/0uw__next_dist_0h_34vy._.js:1074
[    1441ms] [WARNING] [Sentry] The DSN provided in NEXT_PUBLIC_SENTRY_DSN does not look like a public client key. Do not expose secret auth tokens in the client bundle. Sentry client initialization skipped. @ http://localhost:3000/_next/static/chunks/instrumentation-client_ts_03sw2li._.js:39
[    1449ms] [INFO] %cDownload the React DevTools for a better development experience: https://react.dev/link/react-devtools font-weight:bold @ http://localhost:3000/_next/static/chunks/0uw__next_dist_0h_34vy._.js:1074
[    1663ms] [LOG] [HMR] connected @ http://localhost:3000/_next/static/chunks/0uw__next_dist_0h_34vy._.js:1074
[    1984ms] [LOG] %c[Vercel Web Analytics]%c Debug mode is enabled by default in development. No requests will be sent to the server. color: rgb(120, 120, 120) color: inherit @ http://localhost:3000/_next/static/chunks/0uw__next_dist_0h_34vy._.js:1074
[    1984ms] [LOG] %c[Vercel Web Analytics]%c Running queued event color: rgb(120, 120, 120) color: inherit pageview {route: /[lang]/cv, path: /en/cv} @ http://localhost:3000/_next/static/chunks/0uw__next_dist_0h_34vy._.js:1074
[    1984ms] [LOG] %c[Vercel Web Analytics]%c [view] http://localhost:3000/en/cv color: rgb(120, 120, 120) color: inherit {o: http://localhost:3000/en/cv, sv: 0.1.3, sdkn: @vercel/analytics/next, sdkv: 2.0.1, ts: 1777732943058} /_vercel/insights/view @ http://localhost:3000/_next/static/chunks/0uw__next_dist_0h_34vy._.js:1074
[    1984ms] [LOG] %c[Vercel Speed Insights]%c Debug mode is enabled by default in development. No requests will be sent to the server. color: rgb(120, 120, 120) color: inherit @ http://localhost:3000/_next/static/chunks/0uw__next_dist_0h_34vy._.js:1074
[    2097ms] [LOG] [Fast Refresh] rebuilding @ http://localhost:3000/_next/static/chunks/0uw__next_dist_0h_34vy._.js:1074
[    2144ms] [LOG] [Fast Refresh] done in 149ms @ http://localhost:3000/_next/static/chunks/0uw__next_dist_0h_34vy._.js:1074
[   41633ms] [LOG] [Fast Refresh] rebuilding @ http://localhost:3000/_next/static/chunks/0uw__next_dist_0h_34vy._.js:1074
[   41653ms] [LOG] [Fast Refresh] done in 121ms @ http://localhost:3000/_next/static/chunks/0uw__next_dist_0h_34vy._.js:1074
[  280746ms] [LOG] [Fast Refresh] rebuilding @ http://localhost:3000/_next/static/chunks/0uw__next_dist_0h_34vy._.js:1074
[  281023ms] [LOG] [Fast Refresh] done in 380ms @ http://localhost:3000/_next/static/chunks/0uw__next_dist_0h_34vy._.js:1074
[  286085ms] [LOG] [Fast Refresh] rebuilding @ http://localhost:3000/_next/static/chunks/0uw__next_dist_0h_34vy._.js:1074
[  286114ms] [LOG] [Fast Refresh] done in 130ms @ http://localhost:3000/_next/static/chunks/0uw__next_dist_0h_34vy._.js:1074
[  317050ms] [LOG] [Fast Refresh] rebuilding @ http://localhost:3000/_next/static/chunks/0uw__next_dist_0h_34vy._.js:1074
[  317186ms] [LOG] [Fast Refresh] done in 239ms @ http://localhost:3000/_next/static/chunks/0uw__next_dist_0h_34vy._.js:1074
[  450404ms] [LOG] [Fast Refresh] rebuilding @ http://localhost:3000/_next/static/chunks/0uw__next_dist_0h_34vy._.js:1074
[  450450ms] [LOG] [Fast Refresh] done in 149ms @ http://localhost:3000/_next/static/chunks/0uw__next_dist_0h_34vy._.js:1074
[  452326ms] [LOG] [Fast Refresh] rebuilding @ http://localhost:3000/_next/static/chunks/0uw__next_dist_0h_34vy._.js:1074
[  452333ms] [LOG] [Fast Refresh] done in 109ms @ http://localhost:3000/_next/static/chunks/0uw__next_dist_0h_34vy._.js:1074
[  459552ms] [ERROR] WebSocket connection to 'ws://localhost:3000/_next/webpack-hmr?id=4ARbAPd48eeEr-S2Fm2uG' failed: Error in connection establishment: net::ERR_CONNECTION_REFUSED @ http://localhost:3000/_next/static/chunks/0uw__next_dist_client_04hysxq._.js:14499
[  460555ms] [ERROR] WebSocket connection to 'ws://localhost:3000/_next/webpack-hmr?id=4ARbAPd48eeEr-S2Fm2uG' failed: Error in connection establishment: net::ERR_CONNECTION_REFUSED @ http://localhost:3000/_next/static/chunks/0uw__next_dist_client_04hysxq._.js:14499
[  461558ms] [ERROR] WebSocket connection to 'ws://localhost:3000/_next/webpack-hmr?id=4ARbAPd48eeEr-S2Fm2uG' failed: Error in connection establishment: net::ERR_CONNECTION_REFUSED @ http://localhost:3000/_next/static/chunks/0uw__next_dist_client_04hysxq._.js:14499
[  462560ms] [ERROR] WebSocket connection to 'ws://localhost:3000/_next/webpack-hmr?id=4ARbAPd48eeEr-S2Fm2uG' failed: Error in connection establishment: net::ERR_CONNECTION_REFUSED @ http://localhost:3000/_next/static/chunks/0uw__next_dist_client_04hysxq._.js:14499
[  466412ms] [LOG] [HMR] connected @ http://localhost:3000/_next/static/chunks/0uw__next_dist_0h_34vy._.js:1074
[  468089ms] [LOG] %c[Vercel Speed Insights]%c [vitals] color: rgb(120, 120, 120) color: inherit {speed: 4g, metrics: Array(3), scriptVersion: 0.1.3, sdkName: @vercel/speed-insights/next, sdkVersion: 2.0.0} /_vercel/speed-insights/vitals @ http://localhost:3000/_next/static/chunks/0uw__next_dist_0h_34vy._.js:1074
[  468094ms] [LOG] %c[Vercel Speed Insights]%c [vitals] color: rgb(120, 120, 120) color: inherit {speed: 4g, metrics: Array(1), scriptVersion: 0.1.3, sdkName: @vercel/speed-insights/next, sdkVersion: 2.0.0} /_vercel/speed-insights/vitals @ http://localhost:3000/_next/static/chunks/0uw__next_dist_0h_34vy._.js:1074
[  468700ms] [WARNING] [Sentry] The DSN provided in NEXT_PUBLIC_SENTRY_DSN does not look like a public client key. Do not expose secret auth tokens in the client bundle. Sentry client initialization skipped. @ http://localhost:3000/_next/static/chunks/instrumentation-client_ts_03sw2li._.js:39
[  468700ms] [LOG] [Client Instrumentation Hook] Slow execution detected: 19ms (Note: Code download overhead is not included in this measurement) @ http://localhost:3000/_next/static/chunks/0uw__next_dist_0h_34vy._.js:703
[  468717ms] [INFO] %cDownload the React DevTools for a better development experience: https://react.dev/link/react-devtools font-weight:bold @ http://localhost:3000/_next/static/chunks/0uw__next_dist_0h_34vy._.js:1074
[  468768ms] [LOG] [HMR] connected @ http://localhost:3000/_next/static/chunks/0uw__next_dist_0h_34vy._.js:1074
[  468924ms] [LOG] [Fast Refresh] rebuilding @ http://localhost:3000/_next/static/chunks/0uw__next_dist_0h_34vy._.js:1074
[  468942ms] [LOG] [Fast Refresh] done in 118ms @ http://localhost:3000/_next/static/chunks/0uw__next_dist_0h_34vy._.js:1074
[  469170ms] [LOG] [Fast Refresh] rebuilding @ http://localhost:3000/_next/static/chunks/0uw__next_dist_0h_34vy._.js:1074
[  470838ms] [LOG] [Fast Refresh] done in 1767ms @ http://localhost:3000/_next/static/chunks/0uw__next_dist_0h_34vy._.js:1074
[  471315ms] [LOG] %c[Vercel Web Analytics]%c Debug mode is enabled by default in development. No requests will be sent to the server. color: rgb(120, 120, 120) color: inherit @ http://localhost:3000/_next/static/chunks/0uw__next_dist_0h_34vy._.js:1074
[  471315ms] [LOG] %c[Vercel Web Analytics]%c Running queued event color: rgb(120, 120, 120) color: inherit pageview {route: /[lang]/cv, path: /en/cv} @ http://localhost:3000/_next/static/chunks/0uw__next_dist_0h_34vy._.js:1074
[  471315ms] [LOG] %c[Vercel Web Analytics]%c [view] http://localhost:3000/en/cv color: rgb(120, 120, 120) color: inherit {o: http://localhost:3000/en/cv, sv: 0.1.3, sdkn: @vercel/analytics/next, sdkv: 2.0.1, ts: 1777733412389} /_vercel/insights/view @ http://localhost:3000/_next/static/chunks/0uw__next_dist_0h_34vy._.js:1074
[  471315ms] [LOG] %c[Vercel Speed Insights]%c Debug mode is enabled by default in development. No requests will be sent to the server. color: rgb(120, 120, 120) color: inherit @ http://localhost:3000/_next/static/chunks/0uw__next_dist_0h_34vy._.js:1074
[  478876ms] [LOG] [Fast Refresh] rebuilding @ http://localhost:3000/_next/static/chunks/0uw__next_dist_0h_34vy._.js:1074
[  478887ms] [LOG] [Fast Refresh] done in 113ms @ http://localhost:3000/_next/static/chunks/0uw__next_dist_0h_34vy._.js:1074
[  484657ms] [LOG] [Fast Refresh] rebuilding @ http://localhost:3000/_next/static/chunks/0uw__next_dist_0h_34vy._.js:1074
[  484660ms] [LOG] [Fast Refresh] done in 104ms @ http://localhost:3000/_next/static/chunks/0uw__next_dist_0h_34vy._.js:1074
[  590639ms] [ERROR] WebSocket connection to 'ws://localhost:3000/_next/webpack-hmr?id=7bfDZu1e8LM27g-s4t6x2' failed: Error in connection establishment: net::ERR_CONNECTION_REFUSED @ http://localhost:3000/_next/static/chunks/0uw__next_dist_client_04hysxq._.js:14499
[  591642ms] [ERROR] WebSocket connection to 'ws://localhost:3000/_next/webpack-hmr?id=7bfDZu1e8LM27g-s4t6x2' failed: Error in connection establishment: net::ERR_CONNECTION_REFUSED @ http://localhost:3000/_next/static/chunks/0uw__next_dist_client_04hysxq._.js:14499
[  592646ms] [ERROR] WebSocket connection to 'ws://localhost:3000/_next/webpack-hmr?id=7bfDZu1e8LM27g-s4t6x2' failed: Error in connection establishment: net::ERR_CONNECTION_REFUSED @ http://localhost:3000/_next/static/chunks/0uw__next_dist_client_04hysxq._.js:14499
[  593649ms] [ERROR] WebSocket connection to 'ws://localhost:3000/_next/webpack-hmr?id=7bfDZu1e8LM27g-s4t6x2' failed: Error in connection establishment: net::ERR_CONNECTION_REFUSED @ http://localhost:3000/_next/static/chunks/0uw__next_dist_client_04hysxq._.js:14499
[  594651ms] [ERROR] WebSocket connection to 'ws://localhost:3000/_next/webpack-hmr?id=7bfDZu1e8LM27g-s4t6x2' failed: Error in connection establishment: net::ERR_CONNECTION_REFUSED @ http://localhost:3000/_next/static/chunks/0uw__next_dist_client_04hysxq._.js:14499
[  603145ms] [LOG] [HMR] connected @ http://localhost:3000/_next/static/chunks/0uw__next_dist_0h_34vy._.js:1074
[  608697ms] [LOG] %c[Vercel Speed Insights]%c [vitals] color: rgb(120, 120, 120) color: inherit {speed: 4g, metrics: Array(3), scriptVersion: 0.1.3, sdkName: @vercel/speed-insights/next, sdkVersion: 2.0.0} /_vercel/speed-insights/vitals @ http://localhost:3000/_next/static/chunks/0uw__next_dist_0h_34vy._.js:1074
[  608701ms] [LOG] %c[Vercel Speed Insights]%c [vitals] color: rgb(120, 120, 120) color: inherit {speed: 4g, metrics: Array(1), scriptVersion: 0.1.3, sdkName: @vercel/speed-insights/next, sdkVersion: 2.0.0} /_vercel/speed-insights/vitals @ http://localhost:3000/_next/static/chunks/0uw__next_dist_0h_34vy._.js:1074
[  609507ms] [WARNING] [Sentry] The DSN provided in NEXT_PUBLIC_SENTRY_DSN does not look like a public client key. Do not expose secret auth tokens in the client bundle. Sentry client initialization skipped. @ http://localhost:3000/_next/static/chunks/instrumentation-client_ts_03sw2li._.js:39
[  609511ms] [INFO] %cDownload the React DevTools for a better development experience: https://react.dev/link/react-devtools font-weight:bold @ http://localhost:3000/_next/static/chunks/0uw__next_dist_0h_34vy._.js:1074
[  609543ms] [LOG] [HMR] connected @ http://localhost:3000/_next/static/chunks/0uw__next_dist_0h_34vy._.js:1074
[  609902ms] [LOG] [Fast Refresh] rebuilding @ http://localhost:3000/_next/static/chunks/0uw__next_dist_0h_34vy._.js:1074
[  609910ms] [LOG] %c[Vercel Web Analytics]%c Debug mode is enabled by default in development. No requests will be sent to the server. color: rgb(120, 120, 120) color: inherit @ http://localhost:3000/_next/static/chunks/0uw__next_dist_0h_34vy._.js:1074
[  609910ms] [LOG] %c[Vercel Web Analytics]%c Running queued event color: rgb(120, 120, 120) color: inherit pageview {route: /[lang]/cv, path: /en/cv} @ http://localhost:3000/_next/static/chunks/0uw__next_dist_0h_34vy._.js:1074
[  609910ms] [LOG] %c[Vercel Web Analytics]%c [view] http://localhost:3000/en/cv color: rgb(120, 120, 120) color: inherit {o: http://localhost:3000/en/cv, sv: 0.1.3, sdkn: @vercel/analytics/next, sdkv: 2.0.1, ts: 1777733550985} /_vercel/insights/view @ http://localhost:3000/_next/static/chunks/0uw__next_dist_0h_34vy._.js:1074
[  609911ms] [LOG] %c[Vercel Speed Insights]%c Debug mode is enabled by default in development. No requests will be sent to the server. color: rgb(120, 120, 120) color: inherit @ http://localhost:3000/_next/static/chunks/0uw__next_dist_0h_34vy._.js:1074
[  610873ms] [LOG] [Fast Refresh] done in 1110ms @ http://localhost:3000/_next/static/chunks/0uw__next_dist_0h_34vy._.js:1074
[ 1346979ms] [LOG] [Fast Refresh] rebuilding @ http://localhost:3000/_next/static/chunks/0uw__next_dist_0h_34vy._.js:1074
[ 1349287ms] [LOG] [Fast Refresh] done in 2412ms @ http://localhost:3000/_next/static/chunks/0uw__next_dist_0h_34vy._.js:1074
[ 1349389ms] [LOG] [Fast Refresh] rebuilding @ http://localhost:3000/_next/static/chunks/0uw__next_dist_0h_34vy._.js:1074
[ 1353225ms] [LOG] [Fast Refresh] done in 3935ms @ http://localhost:3000/_next/static/chunks/0uw__next_dist_0h_34vy._.js:1074
[ 1353328ms] [LOG] [Fast Refresh] rebuilding @ http://localhost:3000/_next/static/chunks/0uw__next_dist_0h_34vy._.js:1074
[ 1353694ms] [LOG] [Fast Refresh] done in 467ms @ http://localhost:3000/_next/static/chunks/0uw__next_dist_0h_34vy._.js:1074
[ 1353795ms] [LOG] [Fast Refresh] rebuilding @ http://localhost:3000/_next/static/chunks/0uw__next_dist_0h_34vy._.js:1074
[ 1353920ms] [LOG] [Fast Refresh] done in 226ms @ http://localhost:3000/_next/static/chunks/0uw__next_dist_0h_34vy._.js:1074
[ 1382076ms] [LOG] [Fast Refresh] rebuilding @ http://localhost:3000/_next/static/chunks/0uw__next_dist_0h_34vy._.js:1074
[ 1382106ms] [LOG] [Fast Refresh] done in 133ms @ http://localhost:3000/_next/static/chunks/0uw__next_dist_0h_34vy._.js:1074
[ 1382250ms] [LOG] [Fast Refresh] rebuilding @ http://localhost:3000/_next/static/chunks/0uw__next_dist_0h_34vy._.js:1074
[ 1382856ms] [LOG] [Fast Refresh] done in 711ms @ http://localhost:3000/_next/static/chunks/0uw__next_dist_0h_34vy._.js:1074
[ 1429260ms] [ERROR] WebSocket connection to 'ws://localhost:3000/_next/webpack-hmr?id=X51LQQuu6cG7ALMoVB0hs' failed: Error in connection establishment: net::ERR_CONNECTION_REFUSED @ http://localhost:3000/_next/static/chunks/0uw__next_dist_client_04hysxq._.js:14499
[ 1430263ms] [ERROR] WebSocket connection to 'ws://localhost:3000/_next/webpack-hmr?id=X51LQQuu6cG7ALMoVB0hs' failed: Error in connection establishment: net::ERR_CONNECTION_REFUSED @ http://localhost:3000/_next/static/chunks/0uw__next_dist_client_04hysxq._.js:14499
[ 1431266ms] [ERROR] WebSocket connection to 'ws://localhost:3000/_next/webpack-hmr?id=X51LQQuu6cG7ALMoVB0hs' failed: Error in connection establishment: net::ERR_CONNECTION_REFUSED @ http://localhost:3000/_next/static/chunks/0uw__next_dist_client_04hysxq._.js:14499
[ 1432269ms] [ERROR] WebSocket connection to 'ws://localhost:3000/_next/webpack-hmr?id=X51LQQuu6cG7ALMoVB0hs' failed: Error in connection establishment: net::ERR_CONNECTION_REFUSED @ http://localhost:3000/_next/static/chunks/0uw__next_dist_client_04hysxq._.js:14499
[ 1433274ms] [ERROR] WebSocket connection to 'ws://localhost:3000/_next/webpack-hmr?id=X51LQQuu6cG7ALMoVB0hs' failed: Error in connection establishment: net::ERR_CONNECTION_REFUSED @ http://localhost:3000/_next/static/chunks/0uw__next_dist_client_04hysxq._.js:14499
[ 1438442ms] [LOG] [HMR] connected @ http://localhost:3000/_next/static/chunks/0uw__next_dist_0h_34vy._.js:1074
[ 1443730ms] [LOG] %c[Vercel Speed Insights]%c [vitals] color: rgb(120, 120, 120) color: inherit {speed: 4g, metrics: Array(5), scriptVersion: 0.1.3, sdkName: @vercel/speed-insights/next, sdkVersion: 2.0.0} /_vercel/speed-insights/vitals @ http://localhost:3000/_next/static/chunks/0uw__next_dist_0h_34vy._.js:1074
[ 1443732ms] [LOG] %c[Vercel Speed Insights]%c [vitals] color: rgb(120, 120, 120) color: inherit {speed: 4g, metrics: Array(1), scriptVersion: 0.1.3, sdkName: @vercel/speed-insights/next, sdkVersion: 2.0.0} /_vercel/speed-insights/vitals @ http://localhost:3000/_next/static/chunks/0uw__next_dist_0h_34vy._.js:1074
[ 1444512ms] [WARNING] [Sentry] The DSN provided in NEXT_PUBLIC_SENTRY_DSN does not look like a public client key. Do not expose secret auth tokens in the client bundle. Sentry client initialization skipped. @ http://localhost:3000/_next/static/chunks/instrumentation-client_ts_03sw2li._.js:39
[ 1444518ms] [INFO] %cDownload the React DevTools for a better development experience: https://react.dev/link/react-devtools font-weight:bold @ http://localhost:3000/_next/static/chunks/0uw__next_dist_0h_34vy._.js:1074
[ 1444568ms] [LOG] [HMR] connected @ http://localhost:3000/_next/static/chunks/0uw__next_dist_0h_34vy._.js:1074
[ 1444885ms] [LOG] [Fast Refresh] rebuilding @ http://localhost:3000/_next/static/chunks/0uw__next_dist_0h_34vy._.js:1074
[ 1444894ms] [LOG] %c[Vercel Web Analytics]%c Debug mode is enabled by default in development. No requests will be sent to the server. color: rgb(120, 120, 120) color: inherit @ http://localhost:3000/_next/static/chunks/0uw__next_dist_0h_34vy._.js:1074
[ 1444894ms] [LOG] %c[Vercel Web Analytics]%c Running queued event color: rgb(120, 120, 120) color: inherit pageview {route: /[lang]/cv, path: /en/cv} @ http://localhost:3000/_next/static/chunks/0uw__next_dist_0h_34vy._.js:1074
[ 1444894ms] [LOG] %c[Vercel Web Analytics]%c [view] http://localhost:3000/en/cv color: rgb(120, 120, 120) color: inherit {o: http://localhost:3000/en/cv, sv: 0.1.3, sdkn: @vercel/analytics/next, sdkv: 2.0.1, ts: 1777734385969} /_vercel/insights/view @ http://localhost:3000/_next/static/chunks/0uw__next_dist_0h_34vy._.js:1074
[ 1444894ms] [LOG] %c[Vercel Speed Insights]%c Debug mode is enabled by default in development. No requests will be sent to the server. color: rgb(120, 120, 120) color: inherit @ http://localhost:3000/_next/static/chunks/0uw__next_dist_0h_34vy._.js:1074
[ 1445488ms] [LOG] [Fast Refresh] done in 772ms @ http://localhost:3000/_next/static/chunks/0uw__next_dist_0h_34vy._.js:1074
[ 1445680ms] [LOG] [Fast Refresh] rebuilding @ http://localhost:3000/_next/static/chunks/0uw__next_dist_0h_34vy._.js:1074
[ 1445727ms] [LOG] [Fast Refresh] done in 149ms @ http://localhost:3000/_next/static/chunks/0uw__next_dist_0h_34vy._.js:1074
[ 2656537ms] [LOG] [Fast Refresh] rebuilding @ http://localhost:3000/_next/static/chunks/0uw__next_dist_0h_34vy._.js:1074
[ 2656555ms] [LOG] [Fast Refresh] done in 120ms @ http://localhost:3000/_next/static/chunks/0uw__next_dist_0h_34vy._.js:1074
[ 3309299ms] [LOG] [Fast Refresh] rebuilding @ http://localhost:3000/_next/static/chunks/0uw__next_dist_0h_34vy._.js:1074
[ 3309530ms] [LOG] [Fast Refresh] done in 336ms @ http://localhost:3000/_next/static/chunks/0uw__next_dist_0h_34vy._.js:1074
[ 3309633ms] [LOG] [Fast Refresh] rebuilding @ http://localhost:3000/_next/static/chunks/0uw__next_dist_0h_34vy._.js:1074
[ 3310796ms] [LOG] [Fast Refresh] done in 1266ms @ http://localhost:3000/_next/static/chunks/0uw__next_dist_0h_34vy._.js:1074
[ 3310905ms] [LOG] [Fast Refresh] rebuilding @ http://localhost:3000/_next/static/chunks/0uw__next_dist_0h_34vy._.js:1074
[ 3311200ms] [LOG] [Fast Refresh] done in 398ms @ http://localhost:3000/_next/static/chunks/0uw__next_dist_0h_34vy._.js:1074
[ 3311303ms] [LOG] [Fast Refresh] rebuilding @ http://localhost:3000/_next/static/chunks/0uw__next_dist_0h_34vy._.js:1074
[ 3311482ms] [LOG] [Fast Refresh] done in 280ms @ http://localhost:3000/_next/static/chunks/0uw__next_dist_0h_34vy._.js:1074
[ 3311885ms] [LOG] [Fast Refresh] rebuilding @ http://localhost:3000/_next/static/chunks/0uw__next_dist_0h_34vy._.js:1074
[ 3311886ms] [LOG] [Fast Refresh] done in 104ms @ http://localhost:3000/_next/static/chunks/0uw__next_dist_0h_34vy._.js:1074
[ 3362637ms] [LOG] [Fast Refresh] rebuilding @ http://localhost:3000/_next/static/chunks/0uw__next_dist_0h_34vy._.js:1074
[ 3362648ms] [LOG] [Fast Refresh] done in 114ms @ http://localhost:3000/_next/static/chunks/0uw__next_dist_0h_34vy._.js:1074
[ 3534437ms] [LOG] [Fast Refresh] rebuilding @ http://localhost:3000/_next/static/chunks/0uw__next_dist_0h_34vy._.js:1074
[ 3543411ms] [ERROR] WebSocket connection to 'ws://localhost:3000/_next/webpack-hmr?id=VNkzsW9xQuHxRcHUsZZzz' failed: Error in connection establishment: net::ERR_CONNECTION_REFUSED @ http://localhost:3000/_next/static/chunks/0uw__next_dist_client_04hysxq._.js:14499
[ 3544422ms] [ERROR] WebSocket connection to 'ws://localhost:3000/_next/webpack-hmr?id=VNkzsW9xQuHxRcHUsZZzz' failed: Error in connection establishment: net::ERR_CONNECTION_REFUSED @ http://localhost:3000/_next/static/chunks/0uw__next_dist_client_04hysxq._.js:14499
[ 3545426ms] [ERROR] WebSocket connection to 'ws://localhost:3000/_next/webpack-hmr?id=VNkzsW9xQuHxRcHUsZZzz' failed: Error in connection establishment: net::ERR_CONNECTION_REFUSED @ http://localhost:3000/_next/static/chunks/0uw__next_dist_client_04hysxq._.js:14499
[ 3546428ms] [ERROR] WebSocket connection to 'ws://localhost:3000/_next/webpack-hmr?id=VNkzsW9xQuHxRcHUsZZzz' failed: Error in connection establishment: net::ERR_CONNECTION_REFUSED @ http://localhost:3000/_next/static/chunks/0uw__next_dist_client_04hysxq._.js:14499
[ 3547434ms] [ERROR] WebSocket connection to 'ws://localhost:3000/_next/webpack-hmr?id=VNkzsW9xQuHxRcHUsZZzz' failed: Error in connection establishment: net::ERR_CONNECTION_REFUSED @ http://localhost:3000/_next/static/chunks/0uw__next_dist_client_04hysxq._.js:14499
[ 3552441ms] [ERROR] WebSocket connection to 'ws://localhost:3000/_next/webpack-hmr?id=VNkzsW9xQuHxRcHUsZZzz' failed: Error in connection establishment: net::ERR_CONNECTION_REFUSED @ http://localhost:3000/_next/static/chunks/0uw__next_dist_client_04hysxq._.js:14499
[ 3557454ms] [ERROR] WebSocket connection to 'ws://localhost:3000/_next/webpack-hmr?id=VNkzsW9xQuHxRcHUsZZzz' failed: Error in connection establishment: net::ERR_CONNECTION_REFUSED @ http://localhost:3000/_next/static/chunks/0uw__next_dist_client_04hysxq._.js:14499
[ 3691807ms] [LOG] [HMR] connected @ http://localhost:3000/_next/static/chunks/0uw__next_dist_0h_34vy._.js:1074
[ 3842139ms] [WARNING] [Sentry] The DSN provided in NEXT_PUBLIC_SENTRY_DSN does not look like a public client key. Do not expose secret auth tokens in the client bundle. Sentry client initialization skipped. @ http://localhost:3000/_next/static/chunks/instrumentation-client_ts_03sw2li._.js:39
[ 3842142ms] [LOG] [Client Instrumentation Hook] Slow execution detected: 22ms (Note: Code download overhead is not included in this measurement) @ http://localhost:3000/_next/static/chunks/0uw__next_dist_0h_34vy._.js:703
[ 3842179ms] [INFO] %cDownload the React DevTools for a better development experience: https://react.dev/link/react-devtools font-weight:bold @ http://localhost:3000/_next/static/chunks/0uw__next_dist_0h_34vy._.js:1074
[ 3842388ms] [LOG] [HMR] connected @ http://localhost:3000/_next/static/chunks/0uw__next_dist_0h_34vy._.js:1074
[ 3842949ms] [LOG] %c[Vercel Web Analytics]%c Debug mode is enabled by default in development. No requests will be sent to the server. color: rgb(120, 120, 120) color: inherit @ http://localhost:3000/_next/static/chunks/0uw__next_dist_0h_34vy._.js:1074
[ 3842949ms] [LOG] %c[Vercel Web Analytics]%c Running queued event color: rgb(120, 120, 120) color: inherit pageview {route: /[lang]/cv, path: /en/cv} @ http://localhost:3000/_next/static/chunks/0uw__next_dist_0h_34vy._.js:1074
[ 3842951ms] [LOG] %c[Vercel Web Analytics]%c [view] http://localhost:3000/en/cv color: rgb(120, 120, 120) color: inherit {o: http://localhost:3000/en/cv, sv: 0.1.3, sdkn: @vercel/analytics/next, sdkv: 2.0.1, ts: 1777736784026} /_vercel/insights/view @ http://localhost:3000/_next/static/chunks/0uw__next_dist_0h_34vy._.js:1074
[ 3842952ms] [LOG] %c[Vercel Speed Insights]%c Debug mode is enabled by default in development. No requests will be sent to the server. color: rgb(120, 120, 120) color: inherit @ http://localhost:3000/_next/static/chunks/0uw__next_dist_0h_34vy._.js:1074
[ 3842973ms] [LOG] [Fast Refresh] rebuilding @ http://localhost:3000/_next/static/chunks/0uw__next_dist_0h_34vy._.js:1074
[ 3843677ms] [LOG] [Fast Refresh] done in 803ms @ http://localhost:3000/_next/static/chunks/0uw__next_dist_0h_34vy._.js:1074
[ 3846348ms] [LOG] [Fast Refresh] rebuilding @ http://localhost:3000/_next/static/chunks/0uw__next_dist_0h_34vy._.js:1074
[ 3846415ms] [LOG] [Fast Refresh] done in 170ms @ http://localhost:3000/_next/static/chunks/0uw__next_dist_0h_34vy._.js:1074
[ 3849964ms] [LOG] [Fast Refresh] rebuilding @ http://localhost:3000/_next/static/chunks/0uw__next_dist_0h_34vy._.js:1074
[ 3850168ms] [LOG] [Fast Refresh] done in 308ms @ http://localhost:3000/_next/static/chunks/0uw__next_dist_0h_34vy._.js:1074
[ 3852227ms] [LOG] [Fast Refresh] rebuilding @ http://localhost:3000/_next/static/chunks/0uw__next_dist_0h_34vy._.js:1074
[ 3852994ms] [LOG] [Fast Refresh] done in 871ms @ http://localhost:3000/_next/static/chunks/0uw__next_dist_0h_34vy._.js:1074
[ 3855229ms] [LOG] [Fast Refresh] rebuilding @ http://localhost:3000/_next/static/chunks/0uw__next_dist_0h_34vy._.js:1074
[ 3855472ms] [LOG] [Fast Refresh] done in 347ms @ http://localhost:3000/_next/static/chunks/0uw__next_dist_0h_34vy._.js:1074
[ 3856453ms] [LOG] [Fast Refresh] rebuilding @ http://localhost:3000/_next/static/chunks/0uw__next_dist_0h_34vy._.js:1074
[ 3856501ms] [LOG] [Fast Refresh] done in 151ms @ http://localhost:3000/_next/static/chunks/0uw__next_dist_0h_34vy._.js:1074
[ 6680088ms] [LOG] [HMR] connected @ http://localhost:3000/_next/static/chunks/0uw__next_dist_0h_34vy._.js:1074
[ 6696176ms] [LOG] [Fast Refresh] rebuilding @ http://localhost:3000/_next/static/chunks/0uw__next_dist_0h_34vy._.js:1074
[ 6696231ms] [LOG] [Fast Refresh] done in 161ms @ http://localhost:3000/_next/static/chunks/0uw__next_dist_0h_34vy._.js:1074
[ 6696334ms] [LOG] [Fast Refresh] rebuilding @ http://localhost:3000/_next/static/chunks/0uw__next_dist_0h_34vy._.js:1074
[ 6696349ms] [LOG] [Fast Refresh] done in 117ms @ http://localhost:3000/_next/static/chunks/0uw__next_dist_0h_34vy._.js:1074
[ 7299703ms] [LOG] [Fast Refresh] rebuilding @ http://localhost:3000/_next/static/chunks/0uw__next_dist_0h_34vy._.js:1074
[ 7311330ms] [LOG] [Fast Refresh] done in 11727ms @ http://localhost:3000/_next/static/chunks/0uw__next_dist_0h_34vy._.js:1074
[ 7311479ms] [LOG] [Fast Refresh] rebuilding @ http://localhost:3000/_next/static/chunks/0uw__next_dist_0h_34vy._.js:1074
[ 7312136ms] [LOG] [Fast Refresh] done in 758ms @ http://localhost:3000/_next/static/chunks/0uw__next_dist_0h_34vy._.js:1074
[ 7312241ms] [LOG] [Fast Refresh] rebuilding @ http://localhost:3000/_next/static/chunks/0uw__next_dist_0h_34vy._.js:1074
[ 7312665ms] [LOG] [Fast Refresh] done in 525ms @ http://localhost:3000/_next/static/chunks/0uw__next_dist_0h_34vy._.js:1074
[ 7312780ms] [LOG] [Fast Refresh] rebuilding @ http://localhost:3000/_next/static/chunks/0uw__next_dist_0h_34vy._.js:1074
[ 7312783ms] [LOG] [Fast Refresh] done in 103ms @ http://localhost:3000/_next/static/chunks/0uw__next_dist_0h_34vy._.js:1074
[ 7335217ms] [LOG] [Fast Refresh] rebuilding @ http://localhost:3000/_next/static/chunks/0uw__next_dist_0h_34vy._.js:1074
[ 7335835ms] [LOG] [Fast Refresh] done in 677ms @ http://localhost:3000/_next/static/chunks/0uw__next_dist_0h_34vy._.js:1074
[ 7341201ms] [LOG] [Fast Refresh] rebuilding @ http://localhost:3000/_next/static/chunks/0uw__next_dist_0h_34vy._.js:1074
[ 7341255ms] [LOG] [Fast Refresh] done in 156ms @ http://localhost:3000/_next/static/chunks/0uw__next_dist_0h_34vy._.js:1074
[ 7348371ms] [LOG] [Fast Refresh] rebuilding @ http://localhost:3000/_next/static/chunks/0uw__next_dist_0h_34vy._.js:1074
[ 7349348ms] [ERROR] WebSocket connection to 'ws://localhost:3000/_next/webpack-hmr?id=YuzK4tdHzE2zOzRfL6tzH' failed: Error in connection establishment: net::ERR_CONNECTION_REFUSED @ http://localhost:3000/_next/static/chunks/0uw__next_dist_client_04hysxq._.js:14499
[ 7350350ms] [ERROR] WebSocket connection to 'ws://localhost:3000/_next/webpack-hmr?id=YuzK4tdHzE2zOzRfL6tzH' failed: Error in connection establishment: net::ERR_CONNECTION_REFUSED @ http://localhost:3000/_next/static/chunks/0uw__next_dist_client_04hysxq._.js:14499
[ 7351353ms] [ERROR] WebSocket connection to 'ws://localhost:3000/_next/webpack-hmr?id=YuzK4tdHzE2zOzRfL6tzH' failed: Error in connection establishment: net::ERR_CONNECTION_REFUSED @ http://localhost:3000/_next/static/chunks/0uw__next_dist_client_04hysxq._.js:14499
[ 7352356ms] [ERROR] WebSocket connection to 'ws://localhost:3000/_next/webpack-hmr?id=YuzK4tdHzE2zOzRfL6tzH' failed: Error in connection establishment: net::ERR_CONNECTION_REFUSED @ http://localhost:3000/_next/static/chunks/0uw__next_dist_client_04hysxq._.js:14499
[ 7353361ms] [ERROR] WebSocket connection to 'ws://localhost:3000/_next/webpack-hmr?id=YuzK4tdHzE2zOzRfL6tzH' failed: Error in connection establishment: net::ERR_CONNECTION_REFUSED @ http://localhost:3000/_next/static/chunks/0uw__next_dist_client_04hysxq._.js:14499
[ 7358374ms] [ERROR] WebSocket connection to 'ws://localhost:3000/_next/webpack-hmr?id=YuzK4tdHzE2zOzRfL6tzH' failed: Error in connection establishment: net::ERR_CONNECTION_REFUSED @ http://localhost:3000/_next/static/chunks/0uw__next_dist_client_04hysxq._.js:14499
[ 7366889ms] [LOG] [HMR] connected @ http://localhost:3000/_next/static/chunks/0uw__next_dist_0h_34vy._.js:1074
[ 7379352ms] [LOG] %c[Vercel Speed Insights]%c [vitals] color: rgb(120, 120, 120) color: inherit {speed: 4g, metrics: Array(3), scriptVersion: 0.1.3, sdkName: @vercel/speed-insights/next, sdkVersion: 2.0.0} /_vercel/speed-insights/vitals @ http://localhost:3000/_next/static/chunks/0uw__next_dist_0h_34vy._.js:1074
[ 7379366ms] [LOG] %c[Vercel Speed Insights]%c [vitals] color: rgb(120, 120, 120) color: inherit {speed: 4g, metrics: Array(1), scriptVersion: 0.1.3, sdkName: @vercel/speed-insights/next, sdkVersion: 2.0.0} /_vercel/speed-insights/vitals @ http://localhost:3000/_next/static/chunks/0uw__next_dist_0h_34vy._.js:1074
[ 7379418ms] [ERROR] Failed to load resource: the server responded with a status of 500 (Internal Server Error) @ http://localhost:3000/en/cv:0
[ 7380069ms] [ERROR] Failed to load resource: the server responded with a status of 500 (Internal Server Error) @ http://localhost:3000/favicon.ico:0
